[2023-03-2716:59:49] [ INFO ] [OdontologoServiceImpl:37] Guardando domicilio...
[2023-03-2823:00:04] [ INFO ] [OdontologoServiceImpl:53] Buscando odontologo con id: 1
[2023-03-2823:00:59] [ INFO ] [OdontologoServiceImpl:45] Creando odontologo...
[2023-03-2823:00:59] [ INFO ] [OdontologoServiceImpl:35] Guardando odontologo...
[2023-03-2823:03:08] [ INFO ] [OdontologoServiceImpl:45] Creando odontologo...
[2023-03-2823:03:08] [ INFO ] [OdontologoServiceImpl:35] Guardando odontologo...
[2023-03-2823:04:10] [ INFO ] [OdontologoServiceImpl:53] Buscando odontologo con id: 1
[2023-03-2823:04:11] [ INFO ] [OdontologoServiceImpl:53] Buscando odontologo con id: 1
[2023-03-2823:04:19] [ INFO ] [OdontologoServiceImpl:53] Buscando odontologo con id: 2
[2023-03-2823:04:29] [ INFO ] [OdontologoServiceImpl:53] Buscando odontologo con id: 3
[2023-03-2823:04:33] [ INFO ] [OdontologoServiceImpl:53] Buscando odontologo con id: 2
[2023-03-2823:04:57] [ INFO ] [OdontologoServiceImpl:77] Eliminando el odontologo con id: 2
[2023-03-2823:05:01] [ INFO ] [OdontologoServiceImpl:77] Eliminando el odontologo con id: 1
[2023-03-2823:08:57] [ INFO ] [OdontologoServiceImpl:53] Buscando domicilio con id: 1
[2023-03-2823:09:00] [ INFO ] [OdontologoServiceImpl:53] Buscando domicilio con id: 2
[2023-03-2823:12:50] [ INFO ] [OdontologoServiceImpl:45] Creando odontologo...
[2023-03-2823:12:51] [ INFO ] [OdontologoServiceImpl:35] Guardando odontologo...
[2023-03-2823:13:01] [ INFO ] [OdontologoServiceImpl:92] Listando todos los odontologos
[2023-03-2823:21:41] [ INFO ] [OdontologoServiceImpl:45] Creando odontologo...
[2023-03-2823:21:41] [ INFO ] [OdontologoServiceImpl:35] Guardando paciente...
[2023-03-2823:28:34] [ INFO ] [OdontologoServiceImpl:92] Listando todos los pacientes
[2023-03-2823:28:57] [ INFO ] [OdontologoServiceImpl:45] Creando odontologo...
[2023-03-2823:28:57] [ INFO ] [OdontologoServiceImpl:35] Guardando paciente...
[2023-03-2823:29:15] [ INFO ] [OdontologoServiceImpl:77] Eliminando el paciente con id: 1
[2023-03-2823:29:23] [ INFO ] [OdontologoServiceImpl:53] Buscando paciente con id: 1
[2023-03-2823:29:25] [ INFO ] [OdontologoServiceImpl:53] Buscando paciente con id: 1
[2023-03-2823:29:29] [ INFO ] [OdontologoServiceImpl:92] Listando todos los pacientes
[2023-03-2823:30:49] [ INFO ] [OdontologoServiceImpl:77] Eliminando el paciente con id: 2
[2023-03-2823:32:09] [ INFO ] [OdontologoServiceImpl:45] Creando odontologo...
[2023-03-2823:32:09] [ INFO ] [OdontologoServiceImpl:35] Guardando paciente...
[2023-03-2823:32:22] [ INFO ] [OdontologoServiceImpl:92] Listando todos los pacientes
[2023-03-2823:33:25] [ INFO ] [OdontologoServiceImpl:92] Listando todos los pacientes
[2023-03-2823:34:23] [ INFO ] [OdontologoServiceImpl:77] Eliminando el paciente con id: 3
[2023-03-2823:40:19] [ INFO ] [OdontologoServiceImpl:45] Creando odontologo...
[2023-03-2823:40:19] [ INFO ] [OdontologoServiceImpl:35] Guardando paciente...
[2023-03-2823:43:44] [ INFO ] [OdontologoServiceImpl:53] Buscando paciente con id: 36701940
[2023-03-2823:43:47] [ INFO ] [OdontologoServiceImpl:53] Buscando paciente con id: 36701940
[2023-03-2823:43:48] [ INFO ] [OdontologoServiceImpl:53] Buscando paciente con id: 36701940
[2023-03-2823:44:00] [ INFO ] [OdontologoServiceImpl:92] Listando todos los pacientes
[2023-03-2823:44:08] [ INFO ] [OdontologoServiceImpl:53] Buscando paciente con id: 36701940
[2023-03-2823:44:09] [ INFO ] [OdontologoServiceImpl:53] Buscando paciente con id: 36701940
[2023-03-2823:48:20] [ INFO ] [OdontologoServiceImpl:53] Buscando paciente con id: 36701940
[2023-03-2823:48:26] [ INFO ] [OdontologoServiceImpl:92] Listando todos los pacientes
[2023-03-2823:52:49] [ INFO ] [OdontologoServiceImpl:92] Listando todos los pacientes
[2023-03-2823:59:41] [ INFO ] [OdontologoServiceImpl:45] Creando odontologo...
[2023-03-2823:59:41] [ INFO ] [OdontologoServiceImpl:35] Guardando odontologo...
[2023-03-2900:00:34] [ INFO ] [OdontologoServiceImpl:92] Listando todos los odontologos
[2023-03-2900:02:41] [ INFO ] [OdontologoServiceImpl:92] Listando todos los odontologos
[2023-03-2900:03:29] [ INFO ] [OdontologoServiceImpl:102] Buscando odontologo con matricula: 3670367011940
[2023-03-2900:04:45] [ INFO ] [OdontologoServiceImpl:92] Listando todos los pacientes
[2023-03-2900:09:13] [ INFO ] [OdontologoServiceImpl:92] Listando todos los pacientes
[2023-03-2900:10:19] [ INFO ] [OdontologoServiceImpl:67] Modicando paciente...
[2023-03-2900:10:19] [ INFO ] [OdontologoServiceImpl:35] Guardando paciente...
[2023-03-2900:10:27] [ INFO ] [OdontologoServiceImpl:67] Modicando paciente...
[2023-03-2900:10:27] [ INFO ] [OdontologoServiceImpl:35] Guardando paciente...
[2023-03-2900:10:36] [ INFO ] [OdontologoServiceImpl:67] Modicando paciente...
[2023-03-2900:10:36] [ INFO ] [OdontologoServiceImpl:35] Guardando paciente...
[2023-03-2900:10:47] [ INFO ] [OdontologoServiceImpl:92] Listando todos los pacientes
[2023-03-2900:11:57] [ INFO ] [OdontologoServiceImpl:45] Creando odontologo...
[2023-03-2900:11:57] [ INFO ] [OdontologoServiceImpl:35] Guardando paciente...
[2023-03-2900:12:40] [ INFO ] [OdontologoServiceImpl:92] Listando todos los pacientes
[2023-03-2900:18:23] [ INFO ] [OdontologoServiceImpl:92] Listando todos los pacientes
[2023-03-2900:19:07] [ INFO ] [OdontologoServiceImpl:92] Listando todos los pacientes
[2023-03-2900:20:25] [ INFO ] [OdontologoServiceImpl:92] Listando todos los pacientes
[2023-03-2900:20:51] [ INFO ] [OdontologoServiceImpl:92] Listando todos los pacientes
[2023-03-2900:21:08] [ INFO ] [OdontologoServiceImpl:67] Modicando paciente...
[2023-03-2900:21:08] [ INFO ] [OdontologoServiceImpl:35] Guardando paciente...
[2023-03-2900:21:19] [ INFO ] [OdontologoServiceImpl:92] Listando todos los pacientes
[2023-03-2900:21:35] [ INFO ] [OdontologoServiceImpl:67] Modicando paciente...
[2023-03-2900:21:35] [ INFO ] [OdontologoServiceImpl:35] Guardando paciente...
[2023-03-2900:22:06] [ INFO ] [OdontologoServiceImpl:67] Modicando paciente...
[2023-03-2900:22:06] [ INFO ] [OdontologoServiceImpl:35] Guardando paciente...
[2023-03-2900:22:11] [ INFO ] [OdontologoServiceImpl:92] Listando todos los pacientes
[2023-03-2900:22:59] [ INFO ] [OdontologoServiceImpl:92] Listando todos los pacientes
[2023-03-2900:23:41] [ INFO ] [OdontologoServiceImpl:45] Creando odontologo...
[2023-03-2900:23:41] [ INFO ] [OdontologoServiceImpl:35] Guardando odontologo...
[2023-03-2900:25:53] [ INFO ] [OdontologoServiceImpl:92] Listando todos los odontologos
[2023-03-2900:26:10] [ INFO ] [OdontologoServiceImpl:45] Creando odontologo...
[2023-03-2900:26:10] [ INFO ] [OdontologoServiceImpl:35] Guardando odontologo...
[2023-03-2900:27:24] [ INFO ] [OdontologoServiceImpl:77] Eliminando el odontologo con id: 152
