[2023-03-2922:21:33] [ INFO ] [OdontologoServiceImpl:41] Creando odontologo...
[2023-03-2922:21:49] [ INFO ] [OdontologoServiceImpl:41] Creando odontologo...
[2023-03-2922:22:06] [ INFO ] [OdontologoServiceImpl:41] Creando odontologo...
[2023-03-2922:22:16] [ INFO ] [OdontologoServiceImpl:89] Listando todos los odontologos
[2023-03-2922:23:24] [ INFO ] [OdontologoServiceImpl:89] Listando todos los odontologos
[2023-03-2922:26:18] [ INFO ] [OdontologoServiceImpl:89] Listando todos los odontologos
[2023-03-2922:26:31] [ INFO ] [OdontologoServiceImpl:74] Eliminando el odontologo con id: 203
[2023-03-2922:26:55] [ INFO ] [OdontologoServiceImpl:63] Modicando odontologo...
[2023-03-2922:27:38] [ INFO ] [OdontologoServiceImpl:49] Buscando odontologo con id: 202
[2023-03-2922:32:09] [ INFO ] [OdontologoServiceImpl:89] Listando todos los odontologos
[2023-03-2922:38:02] [ INFO ] [OdontologoServiceImpl:89] Listando todos los odontologos
[2023-03-2922:41:08] [ INFO ] [OdontologoServiceImpl:41] Creando odontologo...
[2023-03-2922:44:32] [ INFO ] [OdontologoServiceImpl:89] Listando todos los odontologos
[2023-03-2922:46:43] [ INFO ] [OdontologoServiceImpl:89] Listando todos los odontologos
[2023-03-2922:48:11] [ INFO ] [OdontologoServiceImpl:67] Modicando odontologo...
[2023-03-2922:48:11] [ INFO ] [OdontologoServiceImpl:35] Guardando odontologo...
[2023-03-2922:50:15] [ INFO ] [OdontologoServiceImpl:64] Modicando odontologo...
[2023-03-2922:50:22] [ INFO ] [OdontologoServiceImpl:90] Listando todos los odontologos
[2023-03-2922:50:37] [ INFO ] [OdontologoServiceImpl:64] Modicando odontologo...
[2023-03-2922:55:36] [ INFO ] [OdontologoServiceImpl:39] Creando domicilio...
[2023-03-2922:55:45] [ INFO ] [OdontologoServiceImpl:39] Creando domicilio...
[2023-03-2922:55:57] [ INFO ] [OdontologoServiceImpl:39] Creando domicilio...
[2023-03-2922:56:05] [ INFO ] [OdontologoServiceImpl:88] Listando todos los domicilios...
[2023-03-2922:56:56] [ INFO ] [OdontologoServiceImpl:48] Buscando domicilio con id: 3
[2023-03-2922:57:17] [ INFO ] [OdontologoServiceImpl:73] Eliminando domicilio con id: 1
[2023-03-2922:57:38] [ INFO ] [OdontologoServiceImpl:88] Listando todos los domicilios...
[2023-03-2922:58:25] [ INFO ] [OdontologoServiceImpl:62] Modicando domicilio...
[2023-03-2923:08:53] [ INFO ] [OdontologoServiceImpl:40] Creando odontologo...
[2023-03-2923:13:08] [ DEBUG] [TurnoServiceImpl:58] Creando turno...
[2023-03-2923:13:08] [ DEBUG] [TurnoServiceImpl:36] Guardando turno
[2023-03-2923:13:11] [ DEBUG] [TurnoServiceImpl:58] Creando turno...
[2023-03-2923:13:11] [ DEBUG] [TurnoServiceImpl:36] Guardando turno
[2023-03-2923:13:12] [ DEBUG] [TurnoServiceImpl:58] Creando turno...
[2023-03-2923:13:12] [ DEBUG] [TurnoServiceImpl:36] Guardando turno
[2023-03-2923:14:10] [ DEBUG] [TurnoServiceImpl:58] Creando turno...
[2023-03-2923:14:10] [ DEBUG] [TurnoServiceImpl:36] Guardando turno
[2023-03-2923:17:05] [ INFO ] [OdontologoServiceImpl:89] Listando todos los pacientes
[2023-03-2923:17:06] [ INFO ] [OdontologoServiceImpl:89] Listando todos los pacientes
[2023-03-2923:17:07] [ INFO ] [OdontologoServiceImpl:89] Listando todos los pacientes
[2023-03-3010:37:04] [ INFO ] [OdontologoServiceImpl:41] Creando odontologo...
[2023-03-3010:37:04] [ INFO ] [OdontologoServiceImpl:50] Buscando odontologo con id: 1
[2023-03-3010:39:32] [ INFO ] [OdontologoServiceImpl:41] Creando odontologo...
[2023-03-3010:40:15] [ INFO ] [OdontologoServiceImpl:41] Creando odontologo...
[2023-03-3010:43:33] [ INFO ] [OdontologoServiceImpl:41] Creando odontologo...
[2023-03-3010:43:33] [ INFO ] [OdontologoServiceImpl:50] Buscando odontologo con id: 402
[2023-03-3010:46:19] [ INFO ] [OdontologoServiceImpl:41] Creando odontologo...
[2023-03-3010:46:19] [ INFO ] [OdontologoServiceImpl:50] Buscando odontologo con id: 452
[2023-03-3010:48:50] [ INFO ] [OdontologoServiceImpl:41] Creando odontologo...
[2023-03-3010:48:50] [ INFO ] [OdontologoServiceImpl:75] Eliminando el odontologo con id: 452
[2023-03-3010:52:14] [ INFO ] [OdontologoServiceImpl:41] Creando odontologo...
[2023-03-3010:53:30] [ INFO ] [OdontologoServiceImpl:41] Creando odontologo...
[2023-03-3010:55:54] [ INFO ] [OdontologoServiceImpl:41] Creando odontologo...
[2023-03-3010:56:09] [ INFO ] [OdontologoServiceImpl:41] Creando odontologo...
[2023-03-3020:14:19] [ DEBUG] [IOdontologoService:22] Creando un odontologo desde un test
[2023-03-3020:14:19] [ INFO ] [OdontologoServiceImpl:41] Creando odontologo...
[2023-03-3020:14:19] [ INFO ] [OdontologoServiceImpl:41] Creando odontologo...
[2023-03-3020:14:19] [ INFO ] [OdontologoServiceImpl:50] Buscando odontologo con id: 2
[2023-03-3020:14:20] [ INFO ] [OdontologoServiceImpl:75] Eliminando el odontologo con id: 2
[2023-03-3020:17:29] [ DEBUG] [IOdontologoService:22] Creando un odontologo desde un test
[2023-03-3020:17:29] [ INFO ] [OdontologoServiceImpl:41] Creando odontologo...
[2023-03-3020:17:29] [ INFO ] [OdontologoServiceImpl:41] Creando odontologo...
[2023-03-3020:17:29] [ INFO ] [OdontologoServiceImpl:50] Buscando odontologo con id: 2
[2023-03-3020:18:29] [ DEBUG] [IOdontologoService:22] Creando un odontologo desde un test
[2023-03-3020:18:29] [ INFO ] [OdontologoServiceImpl:41] Creando odontologo...
[2023-03-3020:18:29] [ INFO ] [OdontologoServiceImpl:41] Creando odontologo...
[2023-03-3020:18:29] [ INFO ] [OdontologoServiceImpl:50] Buscando odontologo con id: 2
[2023-03-3020:20:06] [ DEBUG] [IOdontologoService:22] Creando un odontologo desde un test

[2023-03-3022:25:04] [ INFO ] [OdontologoServiceImpl:75] Eliminando el odontologo con id: 1
[2023-03-3022:25:04] [ DEBUG] [IOdontologoService:37] Eliminando a odontologo desde un test
[2023-03-3022:25:21] [ DEBUG] [IOdontologoService:22] Creando a odontologo desde un test
[2023-03-3022:25:21] [ INFO ] [OdontologoServiceImpl:41] Creando odontologo...
[2023-03-3022:25:21] [ INFO ] [OdontologoServiceImpl:75] Eliminando el odontologo con id: 1
[2023-03-3022:25:21] [ DEBUG] [IOdontologoService:37] Eliminando a odontologo desde un test
[2023-03-3022:32:01] [ DEBUG] [IOdontologoService:22] Creando a odontologo desde un test
[2023-03-3022:32:01] [ INFO ] [OdontologoServiceImpl:41] Creando odontologo...
[2023-03-3022:32:01] [ INFO ] [OdontologoServiceImpl:75] Eliminando el odontologo con id: 1
[2023-03-3022:32:01] [ DEBUG] [IOdontologoService:37] Eliminando a odontologo desde un test
[2023-03-3022:32:17] [ DEBUG] [IOdontologoService:25] Creando a paciente desde un test
[2023-03-3022:32:17] [ INFO ] [OdontologoServiceImpl:40] Creando odontologo...
[2023-03-3022:32:17] [ INFO ] [OdontologoServiceImpl:74] Eliminando el paciente con id: 1
[2023-03-3022:32:17] [ DEBUG] [IOdontologoService:40] Eliminando a paciente desde un test
[2023-03-3022:33:32] [ DEBUG] [IOdontologoService:25] Creando a paciente desde un test
[2023-03-3022:33:32] [ INFO ] [OdontologoServiceImpl:40] Creando odontologo...
[2023-03-3022:33:32] [ INFO ] [OdontologoServiceImpl:74] Eliminando el paciente con id: 1
[2023-03-3022:33:32] [ DEBUG] [IOdontologoService:40] Eliminando a paciente desde un test
[2023-03-3120:58:43] [ DEBUG] [IOdontologoService:22] Creando a odontologo desde un test
[2023-03-3120:58:43] [ INFO ] [OdontologoServiceImpl:41] Creando odontologo...
[2023-03-3120:58:44] [ INFO ] [OdontologoServiceImpl:75] Eliminando el odontologo con id: 1
[2023-03-3120:59:36] [ DEBUG] [IOdontologoService:25] Creando a paciente desde un test
[2023-03-3120:59:36] [ INFO ] [OdontologoServiceImpl:40] Creando odontologo...
[2023-03-3120:59:37] [ INFO ] [OdontologoServiceImpl:74] Eliminando el paciente con id: 1
[2023-03-3121:02:18] [ DEBUG] [IOdontologoService:25] Creando a paciente desde un test
[2023-03-3121:02:18] [ INFO ] [OdontologoServiceImpl:40] Creando odontologo...
[2023-03-3121:02:18] [ INFO ] [OdontologoServiceImpl:74] Eliminando el paciente con id: 1
[2023-03-3121:02:18] [ DEBUG] [IOdontologoService:40] Eliminando a paciente desde un test
[2023-04-0120:11:46] [ INFO ] [OdontologoServiceImpl:90] Listando todos los odontologos
[2023-04-0120:11:47] [ INFO ] [OdontologoServiceImpl:90] Listando todos los odontologos
[2023-04-0120:11:48] [ INFO ] [OdontologoServiceImpl:90] Listando todos los odontologos
[2023-04-0120:11:48] [ INFO ] [OdontologoServiceImpl:90] Listando todos los odontologos
[2023-04-0120:11:49] [ INFO ] [OdontologoServiceImpl:90] Listando todos los odontologos
[2023-04-0120:11:50] [ INFO ] [OdontologoServiceImpl:90] Listando todos los odontologos
[2023-04-0120:11:51] [ INFO ] [OdontologoServiceImpl:90] Listando todos los odontologos
[2023-04-0120:11:51] [ INFO ] [OdontologoServiceImpl:90] Listando todos los odontologos
[2023-04-0120:14:04] [ INFO ] [OdontologoServiceImpl:90] Listando todos los odontologos
[2023-04-0120:46:44] [ INFO ] [OdontologoServiceImpl:41] Creando odontologo...
[2023-04-0120:46:47] [ INFO ] [OdontologoServiceImpl:90] Listando todos los odontologos
[2023-04-0120:46:49] [ INFO ] [OdontologoServiceImpl:90] Listando todos los odontologos
[2023-04-0120:46:49] [ INFO ] [OdontologoServiceImpl:90] Listando todos los odontologos
[2023-04-0120:46:50] [ INFO ] [OdontologoServiceImpl:90] Listando todos los odontologos
[2023-04-0120:46:50] [ INFO ] [OdontologoServiceImpl:90] Listando todos los odontologos
[2023-04-0120:46:50] [ INFO ] [OdontologoServiceImpl:90] Listando todos los odontologos
[2023-04-0120:46:50] [ INFO ] [OdontologoServiceImpl:90] Listando todos los odontologos
[2023-04-0120:46:51] [ INFO ] [OdontologoServiceImpl:90] Listando todos los odontologos
[2023-04-0120:46:51] [ INFO ] [OdontologoServiceImpl:90] Listando todos los odontologos
[2023-04-0120:46:52] [ INFO ] [OdontologoServiceImpl:90] Listando todos los odontologos
[2023-04-0120:46:52] [ INFO ] [OdontologoServiceImpl:90] Listando todos los odontologos
[2023-04-0120:46:52] [ INFO ] [OdontologoServiceImpl:90] Listando todos los odontologos
[2023-04-0120:46:53] [ INFO ] [OdontologoServiceImpl:90] Listando todos los odontologos
[2023-04-0120:46:53] [ INFO ] [OdontologoServiceImpl:90] Listando todos los odontologos
[2023-04-0120:46:53] [ INFO ] [OdontologoServiceImpl:90] Listando todos los odontologos
[2023-04-0120:46:54] [ INFO ] [OdontologoServiceImpl:90] Listando todos los odontologos
[2023-04-0120:46:54] [ INFO ] [OdontologoServiceImpl:90] Listando todos los odontologos
[2023-04-0120:46:54] [ INFO ] [OdontologoServiceImpl:90] Listando todos los odontologos
[2023-04-0120:46:54] [ INFO ] [OdontologoServiceImpl:90] Listando todos los odontologos
[2023-04-0120:46:54] [ INFO ] [OdontologoServiceImpl:90] Listando todos los odontologos
[2023-04-0120:46:55] [ INFO ] [OdontologoServiceImpl:90] Listando todos los odontologos
[2023-04-0120:46:55] [ INFO ] [OdontologoServiceImpl:90] Listando todos los odontologos
[2023-04-0120:46:56] [ INFO ] [OdontologoServiceImpl:90] Listando todos los odontologos
[2023-04-0120:46:57] [ INFO ] [OdontologoServiceImpl:90] Listando todos los odontologos
[2023-04-0120:46:57] [ INFO ] [OdontologoServiceImpl:90] Listando todos los odontologos
[2023-04-0120:46:57] [ INFO ] [OdontologoServiceImpl:90] Listando todos los odontologos
[2023-04-0120:46:57] [ INFO ] [OdontologoServiceImpl:90] Listando todos los odontologos
[2023-04-0120:46:57] [ INFO ] [OdontologoServiceImpl:90] Listando todos los odontologos
[2023-04-0120:46:58] [ INFO ] [OdontologoServiceImpl:90] Listando todos los odontologos
[2023-04-0120:46:58] [ INFO ] [OdontologoServiceImpl:90] Listando todos los odontologos
[2023-04-0120:46:59] [ INFO ] [OdontologoServiceImpl:90] Listando todos los odontologos
[2023-04-0120:46:59] [ INFO ] [OdontologoServiceImpl:90] Listando todos los odontologos
[2023-04-0120:46:59] [ INFO ] [OdontologoServiceImpl:90] Listando todos los odontologos
[2023-04-0120:46:59] [ INFO ] [OdontologoServiceImpl:90] Listando todos los odontologos
[2023-04-0120:47:00] [ INFO ] [OdontologoServiceImpl:90] Listando todos los odontologos
[2023-04-0120:47:00] [ INFO ] [OdontologoServiceImpl:90] Listando todos los odontologos
[2023-04-0120:47:00] [ INFO ] [OdontologoServiceImpl:90] Listando todos los odontologos
[2023-04-0120:52:45] [ INFO ] [OdontologoServiceImpl:41] Creando odontologo...
[2023-04-0120:53:01] [ INFO ] [OdontologoServiceImpl:90] Listando todos los odontologos
[2023-04-0120:53:09] [ INFO ] [OdontologoServiceImpl:50] Buscando odontologo con id: 2
[2023-04-0120:53:23] [ INFO ] [OdontologoServiceImpl:64] Modificando odontologo...
[2023-04-0120:53:23] [ INFO ] [OdontologoServiceImpl:90] Listando todos los odontologos
[2023-04-0120:53:29] [ INFO ] [OdontologoServiceImpl:50] Buscando odontologo con id: 1
[2023-04-0120:53:40] [ INFO ] [OdontologoServiceImpl:64] Modificando odontologo...
[2023-04-0120:53:40] [ INFO ] [OdontologoServiceImpl:90] Listando todos los odontologos
[2023-04-0120:53:47] [ INFO ] [OdontologoServiceImpl:75] Eliminando el odontologo con id: 2
[2023-04-0120:53:57] [ INFO ] [OdontologoServiceImpl:75] Eliminando el odontologo con id: 1
[2023-04-0120:54:12] [ INFO ] [OdontologoServiceImpl:41] Creando odontologo...
[2023-04-0120:54:15] [ INFO ] [OdontologoServiceImpl:90] Listando todos los odontologos
[2023-04-0120:54:16] [ INFO ] [OdontologoServiceImpl:90] Listando todos los odontologos
[2023-04-0120:54:16] [ INFO ] [OdontologoServiceImpl:90] Listando todos los odontologos
[2023-04-0120:54:16] [ INFO ] [OdontologoServiceImpl:90] Listando todos los odontologos
[2023-04-0120:54:17] [ INFO ] [OdontologoServiceImpl:90] Listando todos los odontologos
[2023-04-0121:00:27] [ INFO ] [OdontologoServiceImpl:41] Creando odontologo...
[2023-04-0121:02:03] [ INFO ] [OdontologoServiceImpl:41] Creando odontologo...
[2023-04-0121:03:39] [ INFO ] [OdontologoServiceImpl:90] Listando todos los odontologos
[2023-04-0121:03:52] [ INFO ] [OdontologoServiceImpl:41] Creando odontologo...
[2023-04-0121:03:56] [ INFO ] [OdontologoServiceImpl:90] Listando todos los odontologos
[2023-04-0121:25:45] [ INFO ] [OdontologoServiceImpl:41] Creando odontologo...
[2023-04-0121:25:48] [ INFO ] [OdontologoServiceImpl:90] Listando todos los odontologos
[2023-04-0121:25:49] [ INFO ] [OdontologoServiceImpl:75] Eliminando el odontologo con id: 3
[2023-04-0121:25:50] [ INFO ] [OdontologoServiceImpl:75] Eliminando el odontologo con id: 5
[2023-04-0121:25:51] [ INFO ] [OdontologoServiceImpl:75] Eliminando el odontologo con id: 7
[2023-04-0121:25:51] [ INFO ] [OdontologoServiceImpl:75] Eliminando el odontologo con id: 4
[2023-04-0121:25:51] [ INFO ] [OdontologoServiceImpl:75] Eliminando el odontologo con id: 6
[2023-04-0121:44:09] [ INFO ] [OdontologoServiceImpl:41] Creando odontologo...
[2023-04-0121:44:14] [ INFO ] [OdontologoServiceImpl:90] Listando todos los odontologos
[2023-04-0121:44:16] [ INFO ] [OdontologoServiceImpl:50] Buscando odontologo con id: 8
[2023-04-0121:44:19] [ INFO ] [OdontologoServiceImpl:50] Buscando odontologo con id: 8
[2023-04-0121:47:21] [ INFO ] [OdontologoServiceImpl:90] Listando todos los odontologos
[2023-04-0121:47:26] [ INFO ] [OdontologoServiceImpl:90] Listando todos los odontologos
[2023-04-0122:19:40] [ INFO ] [OdontologoServiceImpl:90] Listando todos los odontologos
[2023-04-0122:20:30] [ INFO ] [OdontologoServiceImpl:41] Creando odontologo...
[2023-04-0122:20:35] [ INFO ] [OdontologoServiceImpl:90] Listando todos los odontologos
[2023-04-0122:20:50] [ INFO ] [OdontologoServiceImpl:50] Buscando odontologo con id: 8
[2023-04-0122:21:05] [ INFO ] [OdontologoServiceImpl:64] Modificando odontologo...
[2023-04-0122:21:05] [ INFO ] [OdontologoServiceImpl:90] Listando todos los odontologos
[2023-04-0122:21:09] [ INFO ] [OdontologoServiceImpl:75] Eliminando el odontologo con id: 8
[2023-04-0122:21:12] [ INFO ] [OdontologoServiceImpl:75] Eliminando el odontologo con id: 9
[2023-04-0200:20:32] [ INFO ] [OdontologoServiceImpl:41] Creando odontologo...
[2023-04-0200:20:35] [ INFO ] [OdontologoServiceImpl:90] Listando todos los odontologos
[2023-04-0200:20:44] [ INFO ] [OdontologoServiceImpl:50] Buscando odontologo con id: 10
[2023-04-0200:20:50] [ INFO ] [OdontologoServiceImpl:64] Modificando odontologo...
[2023-04-0200:20:50] [ INFO ] [OdontologoServiceImpl:90] Listando todos los odontologos
[2023-04-0200:20:55] [ INFO ] [OdontologoServiceImpl:75] Eliminando el odontologo con id: 10
[2023-04-0200:21:02] [ INFO ] [OdontologoServiceImpl:41] Creando odontologo...
[2023-04-0200:21:05] [ INFO ] [OdontologoServiceImpl:41] Creando odontologo...
[2023-04-0200:21:07] [ INFO ] [OdontologoServiceImpl:90] Listando todos los odontologos
[2023-04-0200:21:08] [ INFO ] [OdontologoServiceImpl:90] Listando todos los odontologos
[2023-04-0200:21:14] [ INFO ] [OdontologoServiceImpl:75] Eliminando el odontologo con id: 11
[2023-04-0200:21:15] [ INFO ] [OdontologoServiceImpl:75] Eliminando el odontologo con id: 12
[2023-04-0219:03:14] [ DEBUG] [IOdontologoService:22] Creando a odontologo desde un test
[2023-04-0219:03:14] [ INFO ] [OdontologoServiceImpl:41] Creando odontologo...
[2023-04-0219:03:46] [ DEBUG] [IOdontologoService:22] Creando a odontologo desde un test
[2023-04-0219:03:46] [ INFO ] [OdontologoServiceImpl:41] Creando odontologo...
[2023-04-0219:17:51] [ INFO ] [OdontologoServiceImpl:40] Creando paciente...
[2023-04-0219:18:27] [ INFO ] [OdontologoServiceImpl:40] Creando paciente...
[2023-04-0219:19:01] [ INFO ] [OdontologoServiceImpl:89] Listando todos los pacientes
[2023-04-0219:20:16] [ INFO ] [OdontologoServiceImpl:49] Buscando paciente con id: 1
[2023-04-0219:22:23] [ INFO ] [OdontologoServiceImpl:89] Listando todos los pacientes
[2023-04-0219:23:03] [ INFO ] [OdontologoServiceImpl:63] Modificando paciente...
[2023-04-0219:23:23] [ INFO ] [OdontologoServiceImpl:89] Listando todos los pacientes
[2023-04-0219:23:46] [ INFO ] [OdontologoServiceImpl:63] Modificando paciente...
[2023-04-0219:23:51] [ INFO ] [OdontologoServiceImpl:89] Listando todos los pacientes
[2023-04-0222:09:25] [ INFO ] [OdontologoServiceImpl:41] Creando odontologo...
[2023-04-0222:09:28] [ INFO ] [OdontologoServiceImpl:90] Listando todos los odontologos
[2023-04-0222:09:31] [ INFO ] [OdontologoServiceImpl:75] Eliminando el odontologo con id: 14
[2023-04-0222:09:33] [ INFO ] [OdontologoServiceImpl:75] Eliminando el odontologo con id: 13
[2023-04-0222:09:34] [ INFO ] [OdontologoServiceImpl:50] Buscando odontologo con id: 15
[2023-04-0222:09:46] [ INFO ] [OdontologoServiceImpl:64] Modificando odontologo...
[2023-04-0222:09:47] [ INFO ] [OdontologoServiceImpl:90] Listando todos los odontologos
[2023-04-0222:09:52] [ INFO ] [OdontologoServiceImpl:75] Eliminando el odontologo con id: 15
[2023-04-0315:16:50] [ INFO ] [OdontologoServiceImpl:89] Listando todos los pacientes
[2023-04-0315:18:02] [ INFO ] [OdontologoServiceImpl:41] Creando odontologo...
[2023-04-0315:19:39] [ INFO ] [OdontologoServiceImpl:41] Creando odontologo...
[2023-04-0315:20:00] [ INFO ] [OdontologoServiceImpl:89] Listando todos los pacientes
[2023-04-0315:42:50] [ INFO ] [OdontologoServiceImpl:41] Creando odontologo...
[2023-04-0315:42:52] [ INFO ] [OdontologoServiceImpl:90] Listando todos los odontologos
[2023-04-0315:43:13] [ INFO ] [OdontologoServiceImpl:50] Buscando odontologo con id: 16
[2023-04-0315:43:24] [ INFO ] [OdontologoServiceImpl:64] Modificando odontologo...
[2023-04-0315:43:24] [ INFO ] [OdontologoServiceImpl:90] Listando todos los odontologos
[2023-04-0315:43:54] [ INFO ] [OdontologoServiceImpl:75] Eliminando el odontologo con id: 16
[2023-04-0315:43:59] [ INFO ] [OdontologoServiceImpl:75] Eliminando el odontologo con id: 17
[2023-04-0412:51:06] [ INFO ] [OdontologoServiceImpl:41] Creando odontologo...
[2023-04-0412:51:08] [ INFO ] [OdontologoServiceImpl:90] Listando todos los odontologos
[2023-04-0412:51:11] [ INFO ] [OdontologoServiceImpl:50] Buscando odontologo con id: 18
[2023-04-0412:51:19] [ INFO ] [OdontologoServiceImpl:64] Modificando odontologo...
[2023-04-0412:51:19] [ INFO ] [OdontologoServiceImpl:90] Listando todos los odontologos
[2023-04-0412:51:20] [ INFO ] [OdontologoServiceImpl:75] Eliminando el odontologo con id: 19
[2023-04-0412:51:22] [ INFO ] [OdontologoServiceImpl:75] Eliminando el odontologo con id: 18
[2023-04-0414:49:45] [ INFO ] [OdontologoServiceImpl:41] Creando odontologo...
[2023-04-0414:49:46] [ INFO ] [OdontologoServiceImpl:90] Listando todos los odontologos
[2023-04-0414:49:47] [ INFO ] [OdontologoServiceImpl:50] Buscando odontologo con id: 20
[2023-04-0414:49:49] [ INFO ] [OdontologoServiceImpl:75] Eliminando el odontologo con id: 20
[2023-04-0415:04:51] [ INFO ] [OdontologoServiceImpl:41] Creando odontologo...
[2023-04-0415:04:52] [ INFO ] [OdontologoServiceImpl:90] Listando todos los odontologos
[2023-04-0415:56:04] [ INFO ] [OdontologoServiceImpl:41] Creando odontologo...
[2023-04-0415:56:05] [ INFO ] [OdontologoServiceImpl:90] Listando todos los odontologos
[2023-04-0415:56:06] [ INFO ] [OdontologoServiceImpl:90] Listando todos los odontologos
[2023-04-0415:56:07] [ INFO ] [OdontologoServiceImpl:50] Buscando odontologo con id: 1
[2023-04-0415:56:08] [ INFO ] [OdontologoServiceImpl:64] Modificando odontologo...
[2023-04-0415:56:09] [ INFO ] [OdontologoServiceImpl:90] Listando todos los odontologos
[2023-04-0415:56:10] [ INFO ] [OdontologoServiceImpl:75] Eliminando el odontologo con id: 1
[2023-04-0418:34:00] [ INFO ] [OdontologoServiceImpl:41] Creando odontologo...
[2023-04-0418:34:02] [ INFO ] [OdontologoServiceImpl:90] Listando todos los odontologos
[2023-04-0418:34:03] [ INFO ] [OdontologoServiceImpl:90] Listando todos los odontologos
[2023-04-0418:34:04] [ INFO ] [OdontologoServiceImpl:50] Buscando odontologo con id: 1
[2023-04-0418:34:06] [ INFO ] [OdontologoServiceImpl:64] Modificando odontologo...
[2023-04-0418:34:06] [ INFO ] [OdontologoServiceImpl:90] Listando todos los odontologos
[2023-04-0418:34:08] [ INFO ] [OdontologoServiceImpl:50] Buscando odontologo con id: 1
[2023-04-0418:34:17] [ INFO ] [OdontologoServiceImpl:64] Modificando odontologo...
[2023-04-0418:34:18] [ INFO ] [OdontologoServiceImpl:90] Listando todos los odontologos
[2023-04-0418:34:20] [ INFO ] [OdontologoServiceImpl:50] Buscando odontologo con id: 1
[2023-04-0418:34:23] [ INFO ] [OdontologoServiceImpl:75] Eliminando el odontologo con id: 1
[2023-04-0423:26:51] [ INFO ] [OdontologoServiceImpl:41] Creando odontologo...
[2023-04-0423:27:03] [ INFO ] [OdontologoServiceImpl:90] Listando todos los odontologos
[2023-04-0423:27:16] [ INFO ] [OdontologoServiceImpl:50] Buscando odontologo con id: 1
[2023-04-0423:27:37] [ INFO ] [OdontologoServiceImpl:50] Buscando odontologo con id: 1
[2023-04-0423:28:01] [ INFO ] [OdontologoServiceImpl:41] Creando odontologo...
[2023-04-0423:28:17] [ INFO ] [OdontologoServiceImpl:64] Modificando odontologo...
[2023-04-0423:28:25] [ INFO ] [OdontologoServiceImpl:90] Listando todos los odontologos
[2023-04-0521:31:05] [ INFO ] [OdontologoServiceImpl:41] Creando odontologo...
[2023-04-0521:31:06] [ INFO ] [OdontologoServiceImpl:90] Listando todos los odontologos
[2023-04-0521:31:07] [ INFO ] [OdontologoServiceImpl:50] Buscando odontologo con id: 1
[2023-04-0521:31:08] [ INFO ] [OdontologoServiceImpl:64] Modificando odontologo...
[2023-04-0521:31:08] [ INFO ] [OdontologoServiceImpl:90] Listando todos los odontologos
[2023-04-0521:31:10] [ INFO ] [OdontologoServiceImpl:75] Eliminando el odontologo con id: 1
[2023-04-0522:27:52] [ INFO ] [OdontologoServiceImpl:41] Creando odontologo...
[2023-04-0522:27:55] [ INFO ] [OdontologoServiceImpl:90] Listando todos los odontologos
[2023-04-0522:27:58] [ INFO ] [OdontologoServiceImpl:90] Listando todos los odontologos
[2023-04-0522:36:27] [ INFO ] [OdontologoServiceImpl:41] Creando odontologo...
[2023-04-0522:36:29] [ INFO ] [OdontologoServiceImpl:90] Listando todos los odontologos
[2023-04-0522:36:34] [ INFO ] [OdontologoServiceImpl:90] Listando todos los odontologos
[2023-04-0522:36:39] [ INFO ] [OdontologoServiceImpl:41] Creando odontologo...
[2023-04-0522:36:47] [ INFO ] [OdontologoServiceImpl:90] Listando todos los odontologos
[2023-04-0522:36:49] [ INFO ] [OdontologoServiceImpl:75] Eliminando el odontologo con id: 1
[2023-04-0522:36:50] [ INFO ] [OdontologoServiceImpl:75] Eliminando el odontologo con id: 2
[2023-04-0522:49:16] [ INFO ] [OdontologoServiceImpl:41] Creando odontologo...
[2023-04-0522:49:19] [ INFO ] [OdontologoServiceImpl:90] Listando todos los odontologos
[2023-04-0522:49:21] [ INFO ] [OdontologoServiceImpl:75] Eliminando el odontologo con id: 3
[2023-04-0523:19:38] [ INFO ] [OdontologoServiceImpl:41] Creando odontologo...
[2023-04-0523:19:41] [ INFO ] [OdontologoServiceImpl:90] Listando todos los odontologos
[2023-04-0523:19:45] [ INFO ] [OdontologoServiceImpl:50] Buscando odontologo con id: 1
[2023-04-0523:19:49] [ INFO ] [OdontologoServiceImpl:64] Modificando odontologo...
[2023-04-0523:19:49] [ INFO ] [OdontologoServiceImpl:90] Listando todos los odontologos
[2023-04-0613:30:33] [ INFO ] [OdontologoServiceImpl:41] Creando odontologo...
[2023-04-0613:30:35] [ INFO ] [OdontologoServiceImpl:90] Listando todos los odontologos
[2023-04-0613:30:37] [ INFO ] [OdontologoServiceImpl:50] Buscando odontologo con id: 1
[2023-04-0613:30:47] [ INFO ] [OdontologoServiceImpl:64] Modificando odontologo...
[2023-04-0613:30:48] [ INFO ] [OdontologoServiceImpl:90] Listando todos los odontologos
[2023-04-0614:08:34] [ INFO ] [OdontologoServiceImpl:41] Creando odontologo...
[2023-04-0614:08:37] [ INFO ] [OdontologoServiceImpl:90] Listando todos los odontologos
[2023-04-0614:08:43] [ INFO ] [OdontologoServiceImpl:75] Eliminando el odontologo con id: 1
[2023-04-0614:08:43] [ INFO ] [OdontologoServiceImpl:75] Eliminando el odontologo con id: 2
[2023-04-0614:13:27] [ INFO ] [OdontologoServiceImpl:41] Creando odontologo...
[2023-04-0614:13:29] [ INFO ] [OdontologoServiceImpl:90] Listando todos los odontologos
[2023-04-0614:23:41] [ INFO ] [OdontologoServiceImpl:41] Creando odontologo...
[2023-04-0614:23:43] [ INFO ] [OdontologoServiceImpl:90] Listando todos los odontologos
[2023-04-0614:23:48] [ INFO ] [OdontologoServiceImpl:50] Buscando odontologo con id: 1
[2023-04-0614:23:53] [ INFO ] [OdontologoServiceImpl:75] Eliminando el odontologo con id: 1
[2023-04-0614:24:51] [ INFO ] [OdontologoServiceImpl:41] Creando odontologo...
[2023-04-0614:24:52] [ INFO ] [OdontologoServiceImpl:90] Listando todos los odontologos
[2023-04-0614:24:55] [ INFO ] [OdontologoServiceImpl:50] Buscando odontologo con id: 2
[2023-04-0614:26:32] [ INFO ] [OdontologoServiceImpl:90] Listando todos los odontologos
[2023-04-0614:26:34] [ INFO ] [OdontologoServiceImpl:50] Buscando odontologo con id: 2
[2023-04-0614:26:51] [ INFO ] [OdontologoServiceImpl:75] Eliminando el odontologo con id: 2
[2023-04-0614:27:01] [ INFO ] [OdontologoServiceImpl:41] Creando odontologo...
[2023-04-0614:27:03] [ INFO ] [OdontologoServiceImpl:90] Listando todos los odontologos
[2023-04-0614:27:05] [ INFO ] [OdontologoServiceImpl:50] Buscando odontologo con id: 3
[2023-04-0614:30:03] [ INFO ] [OdontologoServiceImpl:41] Creando odontologo...
[2023-04-0614:30:07] [ INFO ] [OdontologoServiceImpl:90] Listando todos los odontologos
[2023-04-0614:30:09] [ INFO ] [OdontologoServiceImpl:50] Buscando odontologo con id: 4
[2023-04-0614:31:40] [ INFO ] [OdontologoServiceImpl:41] Creando odontologo...
[2023-04-0614:31:42] [ INFO ] [OdontologoServiceImpl:90] Listando todos los odontologos
[2023-04-0614:31:44] [ INFO ] [OdontologoServiceImpl:50] Buscando odontologo con id: 1
[2023-04-0614:32:26] [ INFO ] [OdontologoServiceImpl:75] Eliminando el odontologo con id: 1
[2023-04-0615:25:33] [ INFO ] [OdontologoServiceImpl:41] Creando odontologo...
[2023-04-0615:25:35] [ INFO ] [OdontologoServiceImpl:90] Listando todos los odontologos
[2023-04-0615:25:37] [ INFO ] [OdontologoServiceImpl:50] Buscando odontologo con id: 1
[2023-04-0615:25:40] [ INFO ] [OdontologoServiceImpl:64] Modificando odontologo...
[2023-04-0615:25:40] [ INFO ] [OdontologoServiceImpl:90] Listando todos los odontologos
[2023-04-0615:25:41] [ INFO ] [OdontologoServiceImpl:75] Eliminando el odontologo con id: 1
[2023-04-0615:27:37] [ INFO ] [OdontologoServiceImpl:41] Creando odontologo...
[2023-04-0615:27:41] [ INFO ] [OdontologoServiceImpl:90] Listando todos los odontologos
[2023-04-0615:27:48] [ INFO ] [OdontologoServiceImpl:41] Creando odontologo...
[2023-04-0615:27:50] [ INFO ] [OdontologoServiceImpl:90] Listando todos los odontologos
[2023-04-0615:32:31] [ INFO ] [OdontologoServiceImpl:41] Creando odontologo...
[2023-04-0615:32:32] [ INFO ] [OdontologoServiceImpl:90] Listando todos los odontologos
[2023-04-0615:40:16] [ INFO ] [OdontologoServiceImpl:41] Creando odontologo...
[2023-04-0615:40:19] [ INFO ] [OdontologoServiceImpl:90] Listando todos los odontologos
[2023-04-0615:40:21] [ INFO ] [OdontologoServiceImpl:75] Eliminando el odontologo con id: 1
[2023-04-0615:40:23] [ INFO ] [OdontologoServiceImpl:75] Eliminando el odontologo con id: 2
[2023-04-0615:41:12] [ INFO ] [OdontologoServiceImpl:41] Creando odontologo...
[2023-04-0615:41:14] [ INFO ] [OdontologoServiceImpl:90] Listando todos los odontologos
[2023-04-0615:41:17] [ INFO ] [OdontologoServiceImpl:50] Buscando odontologo con id: 3
[2023-04-0615:52:39] [ INFO ] [OdontologoServiceImpl:41] Creando odontologo...
[2023-04-0615:52:40] [ INFO ] [OdontologoServiceImpl:90] Listando todos los odontologos
[2023-04-0615:52:42] [ INFO ] [OdontologoServiceImpl:75] Eliminando el odontologo con id: 1
[2023-04-0616:05:57] [ INFO ] [OdontologoServiceImpl:41] Creando odontologo...
[2023-04-0616:05:59] [ INFO ] [OdontologoServiceImpl:90] Listando todos los odontologos
[2023-04-0616:22:15] [ INFO ] [OdontologoServiceImpl:41] Creando odontologo...
[2023-04-0616:22:23] [ INFO ] [OdontologoServiceImpl:90] Listando todos los odontologos
[2023-04-0616:22:27] [ INFO ] [OdontologoServiceImpl:50] Buscando odontologo con id: 1
[2023-04-0616:22:36] [ INFO ] [OdontologoServiceImpl:64] Modificando odontologo...
[2023-04-0616:22:36] [ INFO ] [OdontologoServiceImpl:90] Listando todos los odontologos
[2023-04-0616:22:40] [ INFO ] [OdontologoServiceImpl:75] Eliminando el odontologo con id: 1
[2023-04-0616:33:10] [ INFO ] [OdontologoServiceImpl:41] Creando odontologo...
[2023-04-0616:33:15] [ INFO ] [OdontologoServiceImpl:90] Listando todos los odontologos
[2023-04-0616:33:18] [ INFO ] [OdontologoServiceImpl:75] Eliminando el odontologo con id: 1
[2023-04-0617:10:23] [ INFO ] [OdontologoServiceImpl:40] Creando paciente...
[2023-04-0617:10:46] [ INFO ] [OdontologoServiceImpl:40] Creando paciente...
[2023-04-0617:10:54] [ INFO ] [OdontologoServiceImpl:89] Listando todos los pacientes
[2023-04-0617:13:30] [ INFO ] [OdontologoServiceImpl:89] Listando todos los pacientes
[2023-04-0617:13:52] [ INFO ] [OdontologoServiceImpl:49] Buscando paciente con id: 2
[2023-04-0617:14:22] [ INFO ] [OdontologoServiceImpl:89] Listando todos los pacientes
[2023-04-0617:14:51] [ INFO ] [OdontologoServiceImpl:89] Listando todos los pacientes
[2023-04-0617:15:01] [ INFO ] [OdontologoServiceImpl:49] Buscando paciente con id: 2
[2023-04-0617:15:27] [ INFO ] [OdontologoServiceImpl:41] Creando odontologo...
[2023-04-0617:15:30] [ INFO ] [OdontologoServiceImpl:90] Listando todos los odontologos
[2023-04-0617:15:40] [ INFO ] [OdontologoServiceImpl:50] Buscando odontologo con id: 1
[2023-04-0617:15:45] [ INFO ] [OdontologoServiceImpl:50] Buscando odontologo con id: 1
[2023-04-0617:15:46] [ INFO ] [OdontologoServiceImpl:75] Eliminando el odontologo con id: 1
[2023-04-0617:29:46] [ INFO ] [OdontologoServiceImpl:40] Creando paciente...
[2023-04-0617:30:40] [ INFO ] [OdontologoServiceImpl:89] Listando todos los pacientes
[2023-04-0617:32:34] [ INFO ] [OdontologoServiceImpl:49] Buscando paciente con id: 1
[2023-04-0617:32:38] [ INFO ] [OdontologoServiceImpl:49] Buscando paciente con id: 1
[2023-04-0617:33:13] [ INFO ] [OdontologoServiceImpl:41] Creando odontologo...
[2023-04-0617:33:15] [ INFO ] [OdontologoServiceImpl:90] Listando todos los odontologos
[2023-04-0617:33:37] [ INFO ] [OdontologoServiceImpl:41] Creando odontologo...
[2023-04-0617:33:43] [ INFO ] [OdontologoServiceImpl:90] Listando todos los odontologos
[2023-04-0617:33:47] [ INFO ] [OdontologoServiceImpl:75] Eliminando el odontologo con id: 1
[2023-04-0617:33:49] [ INFO ] [OdontologoServiceImpl:50] Buscando odontologo con id: 2
[2023-04-0617:33:55] [ INFO ] [OdontologoServiceImpl:64] Modificando odontologo...
[2023-04-0617:33:55] [ INFO ] [OdontologoServiceImpl:90] Listando todos los odontologos
[2023-04-0617:34:03] [ INFO ] [OdontologoServiceImpl:75] Eliminando el odontologo con id: 2
[2023-04-0617:40:21] [ INFO ] [OdontologoServiceImpl:40] Creando paciente...
[2023-04-0617:40:31] [ INFO ] [OdontologoServiceImpl:89] Listando todos los pacientes
[2023-04-0617:41:30] [ INFO ] [OdontologoServiceImpl:89] Listando todos los pacientes
[2023-04-0617:44:37] [ INFO ] [OdontologoServiceImpl:49] Buscando paciente con id: 1
[2023-04-0618:09:37] [ INFO ] [OdontologoServiceImpl:40] Creando paciente...
[2023-04-0618:09:43] [ INFO ] [OdontologoServiceImpl:89] Listando todos los pacientes
[2023-04-0618:09:48] [ INFO ] [OdontologoServiceImpl:89] Listando todos los pacientes
[2023-04-0618:09:56] [ INFO ] [OdontologoServiceImpl:40] Creando paciente...
[2023-04-0618:09:58] [ INFO ] [OdontologoServiceImpl:89] Listando todos los pacientes
[2023-04-0618:13:29] [ INFO ] [OdontologoServiceImpl:40] Creando paciente...
[2023-04-0618:13:35] [ INFO ] [OdontologoServiceImpl:89] Listando todos los pacientes
[2023-04-0618:13:37] [ INFO ] [OdontologoServiceImpl:49] Buscando paciente con id: 1
[2023-04-0618:13:45] [ INFO ] [OdontologoServiceImpl:63] Modificando paciente...
[2023-04-0618:13:45] [ INFO ] [OdontologoServiceImpl:89] Listando todos los pacientes
[2023-04-0618:17:50] [ INFO ] [OdontologoServiceImpl:40] Creando paciente...
[2023-04-0618:17:52] [ INFO ] [OdontologoServiceImpl:89] Listando todos los pacientes
[2023-04-0618:27:39] [ INFO ] [OdontologoServiceImpl:40] Creando paciente...
[2023-04-0618:27:41] [ INFO ] [OdontologoServiceImpl:89] Listando todos los pacientes
[2023-04-0618:30:06] [ INFO ] [OdontologoServiceImpl:49] Buscando paciente con id: 1
[2023-04-0618:30:14] [ INFO ] [OdontologoServiceImpl:63] Modificando paciente...
[2023-04-0618:30:14] [ INFO ] [OdontologoServiceImpl:89] Listando todos los pacientes
[2023-04-0618:37:18] [ INFO ] [OdontologoServiceImpl:40] Creando paciente...
[2023-04-0618:37:20] [ INFO ] [OdontologoServiceImpl:89] Listando todos los pacientes
[2023-04-0618:37:22] [ INFO ] [OdontologoServiceImpl:49] Buscando paciente con id: 2
[2023-04-0618:37:29] [ INFO ] [OdontologoServiceImpl:63] Modificando paciente...
[2023-04-0618:37:29] [ INFO ] [OdontologoServiceImpl:89] Listando todos los pacientes
[2023-04-0618:40:36] [ INFO ] [OdontologoServiceImpl:40] Creando paciente...
[2023-04-0618:40:39] [ INFO ] [OdontologoServiceImpl:89] Listando todos los pacientes
[2023-04-0618:40:41] [ INFO ] [OdontologoServiceImpl:49] Buscando paciente con id: 1
[2023-04-0618:40:47] [ INFO ] [OdontologoServiceImpl:63] Modificando paciente...
[2023-04-0618:40:47] [ INFO ] [OdontologoServiceImpl:89] Listando todos los pacientes
[2023-04-0618:45:08] [ INFO ] [OdontologoServiceImpl:40] Creando paciente...
[2023-04-0618:45:13] [ INFO ] [OdontologoServiceImpl:89] Listando todos los pacientes
[2023-04-0618:45:24] [ INFO ] [OdontologoServiceImpl:40] Creando paciente...
[2023-04-0618:45:25] [ INFO ] [OdontologoServiceImpl:89] Listando todos los pacientes
[2023-04-0618:45:49] [ INFO ] [OdontologoServiceImpl:40] Creando paciente...
[2023-04-0618:45:54] [ INFO ] [OdontologoServiceImpl:89] Listando todos los pacientes
[2023-04-0618:46:21] [ INFO ] [OdontologoServiceImpl:40] Creando paciente...
[2023-04-0618:46:24] [ INFO ] [OdontologoServiceImpl:89] Listando todos los pacientes
[2023-04-0618:47:08] [ INFO ] [OdontologoServiceImpl:41] Creando odontologo...
[2023-04-0618:47:10] [ INFO ] [OdontologoServiceImpl:90] Listando todos los odontologos
[2023-04-0618:47:12] [ INFO ] [OdontologoServiceImpl:75] Eliminando el odontologo con id: 1
[2023-04-0618:48:12] [ INFO ] [OdontologoServiceImpl:41] Creando odontologo...
[2023-04-0618:48:15] [ INFO ] [OdontologoServiceImpl:90] Listando todos los odontologos
[2023-04-0618:48:24] [ INFO ] [OdontologoServiceImpl:41] Creando odontologo...
[2023-04-0618:48:26] [ INFO ] [OdontologoServiceImpl:90] Listando todos los odontologos
[2023-04-0618:48:28] [ INFO ] [OdontologoServiceImpl:75] Eliminando el odontologo con id: 3
[2023-04-0618:48:33] [ INFO ] [OdontologoServiceImpl:75] Eliminando el odontologo con id: 2
[2023-04-0618:54:25] [ INFO ] [OdontologoServiceImpl:40] Creando paciente...
[2023-04-0618:54:28] [ INFO ] [OdontologoServiceImpl:89] Listando todos los pacientes
[2023-04-0618:54:42] [ INFO ] [OdontologoServiceImpl:40] Creando paciente...
[2023-04-0618:54:46] [ INFO ] [OdontologoServiceImpl:89] Listando todos los pacientes
[2023-04-0618:55:03] [ INFO ] [OdontologoServiceImpl:40] Creando paciente...
[2023-04-0618:55:05] [ INFO ] [OdontologoServiceImpl:89] Listando todos los pacientes
[2023-04-0618:57:12] [ INFO ] [OdontologoServiceImpl:89] Listando todos los pacientes
[2023-04-0618:57:22] [ INFO ] [OdontologoServiceImpl:41] Creando odontologo...
[2023-04-0618:57:24] [ INFO ] [OdontologoServiceImpl:90] Listando todos los odontologos
[2023-04-0618:57:38] [ INFO ] [OdontologoServiceImpl:75] Eliminando el odontologo con id: 4
[2023-04-0618:57:50] [ INFO ] [OdontologoServiceImpl:41] Creando odontologo...
[2023-04-0618:57:52] [ INFO ] [OdontologoServiceImpl:90] Listando todos los odontologos
[2023-04-0619:06:29] [ INFO ] [OdontologoServiceImpl:40] Creando paciente...
[2023-04-0619:06:31] [ INFO ] [OdontologoServiceImpl:89] Listando todos los pacientes
[2023-04-0619:06:35] [ INFO ] [OdontologoServiceImpl:49] Buscando paciente con id: 1
[2023-04-0619:06:39] [ INFO ] [OdontologoServiceImpl:63] Modificando paciente...
[2023-04-0619:06:39] [ INFO ] [OdontologoServiceImpl:89] Listando todos los pacientes
[2023-04-0619:26:20] [ INFO ] [OdontologoServiceImpl:40] Creando paciente...
[2023-04-0619:26:22] [ INFO ] [OdontologoServiceImpl:89] Listando todos los pacientes
[2023-04-0619:26:26] [ INFO ] [OdontologoServiceImpl:49] Buscando paciente con id: 1
[2023-04-0619:26:30] [ INFO ] [OdontologoServiceImpl:63] Modificando paciente...
[2023-04-0619:26:31] [ INFO ] [OdontologoServiceImpl:89] Listando todos los pacientes
[2023-04-0619:47:58] [ INFO ] [OdontologoServiceImpl:40] Creando paciente...
[2023-04-0619:48:54] [ INFO ] [OdontologoServiceImpl:40] Creando paciente...
[2023-04-0619:48:58] [ INFO ] [OdontologoServiceImpl:89] Listando todos los pacientes
[2023-04-0620:04:11] [ INFO ] [OdontologoServiceImpl:40] Creando paciente...
[2023-04-0620:04:14] [ INFO ] [OdontologoServiceImpl:89] Listando todos los pacientes
[2023-04-0620:04:17] [ INFO ] [OdontologoServiceImpl:74] Eliminando el paciente con id: 1
[2023-04-0620:08:54] [ INFO ] [OdontologoServiceImpl:40] Creando paciente...
[2023-04-0620:08:56] [ INFO ] [OdontologoServiceImpl:89] Listando todos los pacientes
[2023-04-0620:09:08] [ INFO ] [OdontologoServiceImpl:49] Buscando paciente con id: 2
[2023-04-0620:09:34] [ INFO ] [OdontologoServiceImpl:40] Creando paciente...
[2023-04-0620:10:19] [ INFO ] [OdontologoServiceImpl:40] Creando paciente...
[2023-04-0620:10:30] [ INFO ] [OdontologoServiceImpl:74] Eliminando el paciente con id: 1
[2023-04-0620:11:03] [ INFO ] [OdontologoServiceImpl:41] Creando odontologo...
[2023-04-0620:11:12] [ INFO ] [OdontologoServiceImpl:41] Creando odontologo...
[2023-04-0620:11:14] [ INFO ] [OdontologoServiceImpl:90] Listando todos los odontologos
[2023-04-0620:11:18] [ INFO ] [OdontologoServiceImpl:75] Eliminando el odontologo con id: 1
[2023-04-0620:11:19] [ INFO ] [OdontologoServiceImpl:50] Buscando odontologo con id: 2
[2023-04-0620:11:25] [ INFO ] [OdontologoServiceImpl:64] Modificando odontologo...
[2023-04-0620:11:25] [ INFO ] [OdontologoServiceImpl:90] Listando todos los odontologos
[2023-04-0620:11:30] [ INFO ] [OdontologoServiceImpl:75] Eliminando el odontologo con id: 2
[2023-04-0620:11:45] [ INFO ] [OdontologoServiceImpl:40] Creando paciente...
[2023-04-0620:11:47] [ INFO ] [OdontologoServiceImpl:40] Creando paciente...
[2023-04-0620:12:20] [ INFO ] [OdontologoServiceImpl:40] Creando paciente...
[2023-04-0620:13:10] [ INFO ] [OdontologoServiceImpl:40] Creando paciente...
[2023-04-0620:15:18] [ INFO ] [OdontologoServiceImpl:40] Creando paciente...
[2023-04-0620:15:31] [ INFO ] [OdontologoServiceImpl:89] Listando todos los pacientes
[2023-04-0620:15:43] [ INFO ] [OdontologoServiceImpl:40] Creando paciente...
[2023-04-0620:15:46] [ INFO ] [OdontologoServiceImpl:89] Listando todos los pacientes
[2023-04-0620:16:06] [ INFO ] [OdontologoServiceImpl:89] Listando todos los pacientes
[2023-04-0620:22:35] [ DEBUG] [IOdontologoService:22] Creando a odontologo desde un test
[2023-04-0620:22:35] [ INFO ] [OdontologoServiceImpl:41] Creando odontologo...
[2023-04-0620:22:36] [ INFO ] [OdontologoServiceImpl:75] Eliminando el odontologo con id: 1
[2023-04-0620:22:36] [ DEBUG] [IOdontologoService:37] Eliminando a odontologo desde un test
[2023-04-0620:23:00] [ DEBUG] [IOdontologoService:25] Creando a paciente desde un test
[2023-04-0620:23:00] [ INFO ] [OdontologoServiceImpl:40] Creando paciente...
[2023-04-0620:23:00] [ INFO ] [OdontologoServiceImpl:74] Eliminando el paciente con id: 1
[2023-04-0620:23:00] [ DEBUG] [IOdontologoService:40] Eliminando a paciente desde un test
[2023-04-0717:13:18] [ DEBUG] [IOdontologoService:25] Creando a paciente desde un test
[2023-04-0717:13:18] [ INFO ] [OdontologoServiceImpl:40] Creando paciente...
[2023-04-0717:13:19] [ INFO ] [OdontologoServiceImpl:74] Eliminando el paciente con id: 1
[2023-04-0717:13:19] [ DEBUG] [IOdontologoService:40] Eliminando a paciente desde un test
[2023-04-0717:13:37] [ DEBUG] [IOdontologoService:25] Creando a paciente desde un test
[2023-04-0717:13:37] [ INFO ] [OdontologoServiceImpl:40] Creando paciente...
[2023-04-0717:13:38] [ INFO ] [OdontologoServiceImpl:74] Eliminando el paciente con id: 1
[2023-04-0717:13:38] [ DEBUG] [IOdontologoService:40] Eliminando a paciente desde un test
[2023-04-0717:15:37] [ INFO ] [OdontologoServiceImpl:40] Creando paciente...
[2023-04-0717:15:39] [ INFO ] [OdontologoServiceImpl:89] Listando todos los pacientes
[2023-04-0717:17:36] [ INFO ] [OdontologoServiceImpl:40] Creando paciente...
[2023-04-0717:17:38] [ INFO ] [OdontologoServiceImpl:89] Listando todos los pacientes
[2023-04-0717:19:01] [ INFO ] [OdontologoServiceImpl:74] Eliminando el paciente con id: 1
[2023-04-0717:22:30] [ INFO ] [OdontologoServiceImpl:40] Creando paciente...
[2023-04-0717:22:31] [ INFO ] [OdontologoServiceImpl:89] Listando todos los pacientes
[2023-04-0717:22:39] [ INFO ] [OdontologoServiceImpl:49] Buscando paciente con id: 1
[2023-04-0717:22:42] [ INFO ] [OdontologoServiceImpl:49] Buscando paciente con id: 1
[2023-04-0717:22:45] [ INFO ] [OdontologoServiceImpl:49] Buscando paciente con id: 1
[2023-04-0717:22:48] [ INFO ] [OdontologoServiceImpl:49] Buscando paciente con id: 1
[2023-04-0717:22:52] [ INFO ] [OdontologoServiceImpl:49] Buscando paciente con id: 1
[2023-04-0717:22:55] [ INFO ] [OdontologoServiceImpl:74] Eliminando el paciente con id: 1
[2023-04-0717:24:28] [ INFO ] [OdontologoServiceImpl:40] Creando paciente...
[2023-04-0717:24:30] [ INFO ] [OdontologoServiceImpl:89] Listando todos los pacientes
[2023-04-0717:24:31] [ INFO ] [OdontologoServiceImpl:49] Buscando paciente con id: 1
[2023-04-0717:31:48] [ INFO ] [OdontologoServiceImpl:40] Creando paciente...
[2023-04-0717:31:50] [ INFO ] [OdontologoServiceImpl:89] Listando todos los pacientes
[2023-04-0717:31:52] [ INFO ] [OdontologoServiceImpl:49] Buscando paciente con id: 1
[2023-04-0717:38:43] [ INFO ] [OdontologoServiceImpl:40] Creando paciente...
[2023-04-0717:38:45] [ INFO ] [OdontologoServiceImpl:89] Listando todos los pacientes
[2023-04-0717:38:46] [ INFO ] [OdontologoServiceImpl:49] Buscando paciente con id: 1
[2023-04-0717:38:58] [ INFO ] [OdontologoServiceImpl:74] Eliminando el paciente con id: 1
[2023-04-0717:43:20] [ INFO ] [OdontologoServiceImpl:40] Creando paciente...
[2023-04-0717:43:22] [ INFO ] [OdontologoServiceImpl:89] Listando todos los pacientes
[2023-04-0717:43:24] [ INFO ] [OdontologoServiceImpl:49] Buscando paciente con id: 1
[2023-04-0717:51:31] [ INFO ] [OdontologoServiceImpl:40] Creando paciente...
[2023-04-0717:51:34] [ INFO ] [OdontologoServiceImpl:89] Listando todos los pacientes
[2023-04-0717:51:36] [ INFO ] [OdontologoServiceImpl:49] Buscando paciente con id: 1
[2023-04-0717:51:45] [ INFO ] [OdontologoServiceImpl:49] Buscando paciente con id: 1
[2023-04-0717:51:53] [ INFO ] [OdontologoServiceImpl:74] Eliminando el paciente con id: 1
[2023-04-0717:57:51] [ INFO ] [OdontologoServiceImpl:40] Creando paciente...
[2023-04-0717:57:53] [ INFO ] [OdontologoServiceImpl:89] Listando todos los pacientes
[2023-04-0717:57:55] [ INFO ] [OdontologoServiceImpl:49] Buscando paciente con id: 1
[2023-04-0717:58:00] [ INFO ] [OdontologoServiceImpl:49] Buscando paciente con id: 1
[2023-04-0717:58:02] [ INFO ] [OdontologoServiceImpl:49] Buscando paciente con id: 1
[2023-04-0717:58:05] [ INFO ] [OdontologoServiceImpl:49] Buscando paciente con id: 1
[2023-04-0718:03:40] [ INFO ] [OdontologoServiceImpl:49] Buscando paciente con id: 1
[2023-04-0718:07:04] [ INFO ] [OdontologoServiceImpl:40] Creando paciente...
[2023-04-0718:07:06] [ INFO ] [OdontologoServiceImpl:89] Listando todos los pacientes
[2023-04-0718:07:15] [ INFO ] [OdontologoServiceImpl:74] Eliminando el paciente con id: 1
[2023-04-0718:07:23] [ INFO ] [OdontologoServiceImpl:40] Creando paciente...
[2023-04-0718:07:24] [ INFO ] [OdontologoServiceImpl:89] Listando todos los pacientes
[2023-04-0718:07:26] [ INFO ] [OdontologoServiceImpl:49] Buscando paciente con id: 2
[2023-04-0718:07:54] [ INFO ] [OdontologoServiceImpl:41] Creando odontologo...
[2023-04-0718:07:59] [ INFO ] [OdontologoServiceImpl:90] Listando todos los odontologos
[2023-04-0718:08:09] [ INFO ] [OdontologoServiceImpl:50] Buscando odontologo con id: 1
[2023-04-0718:08:52] [ INFO ] [OdontologoServiceImpl:41] Creando odontologo...
[2023-04-0718:09:56] [ INFO ] [OdontologoServiceImpl:41] Creando odontologo...
[2023-04-0718:10:01] [ INFO ] [OdontologoServiceImpl:90] Listando todos los odontologos
[2023-04-0718:10:02] [ INFO ] [OdontologoServiceImpl:50] Buscando odontologo con id: 1
[2023-04-0718:10:04] [ INFO ] [OdontologoServiceImpl:75] Eliminando el odontologo con id: 1
[2023-04-0718:10:16] [ INFO ] [OdontologoServiceImpl:40] Creando paciente...
[2023-04-0718:10:19] [ INFO ] [OdontologoServiceImpl:89] Listando todos los pacientes
[2023-04-0718:10:21] [ INFO ] [OdontologoServiceImpl:49] Buscando paciente con id: 1
[2023-04-0718:10:43] [ INFO ] [OdontologoServiceImpl:74] Eliminando el paciente con id: 1
[2023-04-0718:12:30] [ INFO ] [OdontologoServiceImpl:40] Creando paciente...
[2023-04-0718:12:32] [ INFO ] [OdontologoServiceImpl:89] Listando todos los pacientes
[2023-04-0718:12:35] [ INFO ] [OdontologoServiceImpl:49] Buscando paciente con id: 2
[2023-04-0718:13:50] [ INFO ] [OdontologoServiceImpl:74] Eliminando el paciente con id: 2
[2023-04-0718:17:01] [ INFO ] [OdontologoServiceImpl:40] Creando paciente...
[2023-04-0718:17:02] [ INFO ] [OdontologoServiceImpl:89] Listando todos los pacientes
[2023-04-0718:17:04] [ INFO ] [OdontologoServiceImpl:49] Buscando paciente con id: 1
[2023-04-0718:19:35] [ INFO ] [OdontologoServiceImpl:49] Buscando paciente con id: 1
[2023-04-0718:21:48] [ INFO ] [OdontologoServiceImpl:40] Creando paciente...
[2023-04-0718:21:50] [ INFO ] [OdontologoServiceImpl:89] Listando todos los pacientes
[2023-04-0718:21:51] [ INFO ] [OdontologoServiceImpl:49] Buscando paciente con id: 1
[2023-04-0718:21:54] [ INFO ] [OdontologoServiceImpl:49] Buscando paciente con id: 1
[2023-04-0718:22:01] [ INFO ] [OdontologoServiceImpl:74] Eliminando el paciente con id: 1
[2023-04-0718:22:28] [ INFO ] [OdontologoServiceImpl:41] Creando odontologo...
[2023-04-0718:22:29] [ INFO ] [OdontologoServiceImpl:90] Listando todos los odontologos
[2023-04-0718:22:32] [ INFO ] [OdontologoServiceImpl:50] Buscando odontologo con id: 1
[2023-04-0718:22:45] [ INFO ] [OdontologoServiceImpl:64] Modificando odontologo...
[2023-04-0718:22:45] [ INFO ] [OdontologoServiceImpl:90] Listando todos los odontologos
[2023-04-0718:23:00] [ INFO ] [OdontologoServiceImpl:75] Eliminando el odontologo con id: 1
[2023-04-0718:24:56] [ INFO ] [OdontologoServiceImpl:40] Creando paciente...
[2023-04-0718:24:59] [ INFO ] [OdontologoServiceImpl:89] Listando todos los pacientes
[2023-04-0718:25:02] [ INFO ] [OdontologoServiceImpl:49] Buscando paciente con id: 2
[2023-04-0718:25:50] [ INFO ] [OdontologoServiceImpl:63] Modificando paciente...
[2023-04-0718:25:50] [ INFO ] [OdontologoServiceImpl:89] Listando todos los pacientes
[2023-04-0718:25:58] [ INFO ] [OdontologoServiceImpl:74] Eliminando el paciente con id: 2
[2023-04-0718:26:10] [ INFO ] [OdontologoServiceImpl:41] Creando odontologo...
[2023-04-0718:26:12] [ INFO ] [OdontologoServiceImpl:90] Listando todos los odontologos
[2023-04-0718:26:13] [ INFO ] [OdontologoServiceImpl:50] Buscando odontologo con id: 2
[2023-04-0718:26:16] [ INFO ] [OdontologoServiceImpl:75] Eliminando el odontologo con id: 2
[2023-04-0718:26:38] [ INFO ] [OdontologoServiceImpl:49] Buscando paciente con id: 1
[2023-04-0718:27:02] [ INFO ] [OdontologoServiceImpl:41] Creando odontologo...
[2023-04-0718:27:04] [ INFO ] [OdontologoServiceImpl:90] Listando todos los odontologos
[2023-04-0718:27:08] [ INFO ] [OdontologoServiceImpl:50] Buscando odontologo con id: 3
[2023-04-0718:27:14] [ INFO ] [OdontologoServiceImpl:64] Modificando odontologo...
[2023-04-0718:27:14] [ INFO ] [OdontologoServiceImpl:90] Listando todos los odontologos
[2023-04-0718:27:29] [ INFO ] [OdontologoServiceImpl:40] Creando paciente...
[2023-04-0718:27:30] [ INFO ] [OdontologoServiceImpl:89] Listando todos los pacientes
[2023-04-0718:27:33] [ INFO ] [OdontologoServiceImpl:49] Buscando paciente con id: 3
[2023-04-0718:27:42] [ INFO ] [OdontologoServiceImpl:63] Modificando paciente...
[2023-04-0718:27:42] [ INFO ] [OdontologoServiceImpl:89] Listando todos los pacientes
[2023-04-0719:25:12] [ INFO ] [OdontologoServiceImpl:41] Creando odontologo...
[2023-04-0719:25:20] [ INFO ] [OdontologoServiceImpl:40] Creando paciente...
[2023-04-0719:27:12] [ INFO ] [OdontologoServiceImpl:40] Creando paciente...
[2023-04-0719:27:27] [ INFO ] [OdontologoServiceImpl:89] Listando todos los pacientes
[2023-04-0719:33:08] [ INFO ] [OdontologoServiceImpl:89] Listando todos los pacientes
[2023-04-0719:33:20] [ INFO ] [OdontologoServiceImpl:49] Buscando paciente con id: 1
[2023-04-0719:33:38] [ INFO ] [OdontologoServiceImpl:63] Modificando paciente...
[2023-04-0719:33:38] [ INFO ] [OdontologoServiceImpl:89] Listando todos los pacientes
[2023-04-0719:33:49] [ INFO ] [OdontologoServiceImpl:89] Listando todos los pacientes
[2023-04-0719:33:57] [ INFO ] [OdontologoServiceImpl:90] Listando todos los odontologos
[2023-04-0719:33:58] [ INFO ] [OdontologoServiceImpl:50] Buscando odontologo con id: 1
[2023-04-0719:34:19] [ INFO ] [OdontologoServiceImpl:64] Modificando odontologo...
[2023-04-0719:34:19] [ INFO ] [OdontologoServiceImpl:90] Listando todos los odontologos
[2023-04-0719:34:50] [ INFO ] [OdontologoServiceImpl:89] Listando todos los pacientes
[2023-04-0719:48:13] [ DEBUG] [IOdontologoService:22] Creando a odontologo desde un test
[2023-04-0719:48:13] [ INFO ] [OdontologoServiceImpl:41] Creando odontologo...
[2023-04-0719:48:13] [ INFO ] [OdontologoServiceImpl:75] Eliminando el odontologo con id: 1
[2023-04-0719:48:13] [ DEBUG] [IOdontologoService:37] Eliminando a odontologo desde un test
[2023-04-0719:48:13] [ DEBUG] [IOdontologoService:25] Creando a paciente desde un test
[2023-04-0719:48:13] [ INFO ] [OdontologoServiceImpl:40] Creando paciente...
[2023-04-0719:48:13] [ INFO ] [OdontologoServiceImpl:74] Eliminando el paciente con id: 1
[2023-04-0719:48:13] [ DEBUG] [IOdontologoService:40] Eliminando a paciente desde un test
[2023-04-0719:50:24] [ INFO ] [OdontologoServiceImpl:41] Creando odontologo...
[2023-04-0719:50:26] [ INFO ] [OdontologoServiceImpl:90] Listando todos los odontologos
[2023-04-0719:50:27] [ INFO ] [OdontologoServiceImpl:50] Buscando odontologo con id: 1
[2023-04-0719:50:41] [ INFO ] [OdontologoServiceImpl:64] Modificando odontologo...
[2023-04-0719:50:42] [ INFO ] [OdontologoServiceImpl:90] Listando todos los odontologos
[2023-04-0719:50:48] [ INFO ] [OdontologoServiceImpl:75] Eliminando el odontologo con id: 1
[2023-04-0719:51:09] [ INFO ] [OdontologoServiceImpl:40] Creando paciente...
[2023-04-0719:51:12] [ INFO ] [OdontologoServiceImpl:89] Listando todos los pacientes
[2023-04-0719:51:14] [ INFO ] [OdontologoServiceImpl:49] Buscando paciente con id: 1
[2023-04-0719:51:25] [ INFO ] [OdontologoServiceImpl:63] Modificando paciente...
[2023-04-0719:51:26] [ INFO ] [OdontologoServiceImpl:89] Listando todos los pacientes
[2023-04-0719:51:43] [ INFO ] [OdontologoServiceImpl:41] Creando odontologo...
[2023-04-0719:51:45] [ INFO ] [OdontologoServiceImpl:90] Listando todos los odontologos
[2023-04-0719:53:17] [ INFO ] [OdontologoServiceImpl:41] Creando odontologo...
[2023-04-0719:53:28] [ INFO ] [OdontologoServiceImpl:41] Creando odontologo...
[2023-04-0719:53:30] [ INFO ] [OdontologoServiceImpl:90] Listando todos los odontologos
[2023-04-0719:53:42] [ INFO ] [OdontologoServiceImpl:40] Creando paciente...
[2023-04-0719:53:48] [ INFO ] [OdontologoServiceImpl:40] Creando paciente...
[2023-04-0719:53:54] [ INFO ] [OdontologoServiceImpl:89] Listando todos los pacientes
[2023-04-0719:55:30] [ INFO ] [OdontologoServiceImpl:49] Buscando paciente con id: 1
[2023-04-0719:55:41] [ INFO ] [OdontologoServiceImpl:63] Modificando paciente...
[2023-04-0719:55:41] [ INFO ] [OdontologoServiceImpl:89] Listando todos los pacientes
[2023-04-0719:55:49] [ INFO ] [OdontologoServiceImpl:89] Listando todos los pacientes
[2023-04-0719:56:03] [ INFO ] [OdontologoServiceImpl:90] Listando todos los odontologos
[2023-04-0719:56:05] [ INFO ] [OdontologoServiceImpl:50] Buscando odontologo con id: 2
[2023-04-0719:56:13] [ INFO ] [OdontologoServiceImpl:64] Modificando odontologo...
[2023-04-0719:56:13] [ INFO ] [OdontologoServiceImpl:90] Listando todos los odontologos
[2023-04-0719:56:31] [ INFO ] [OdontologoServiceImpl:75] Eliminando el odontologo con id: 1
[2023-04-0719:56:32] [ INFO ] [OdontologoServiceImpl:75] Eliminando el odontologo con id: 2
[2023-04-0719:59:49] [ DEBUG] [IOdontologoService:22] Creando a odontologo desde un test
[2023-04-0719:59:49] [ INFO ] [OdontologoServiceImpl:41] Creando odontologo...
[2023-04-0719:59:50] [ INFO ] [OdontologoServiceImpl:75] Eliminando el odontologo con id: 1
[2023-04-0719:59:50] [ DEBUG] [IOdontologoService:37] Eliminando a odontologo desde un test
[2023-04-0719:59:50] [ DEBUG] [IOdontologoService:25] Creando a paciente desde un test
[2023-04-0719:59:50] [ INFO ] [OdontologoServiceImpl:40] Creando paciente...
[2023-04-0719:59:50] [ INFO ] [OdontologoServiceImpl:74] Eliminando el paciente con id: 1
[2023-04-0719:59:50] [ DEBUG] [IOdontologoService:40] Eliminando a paciente desde un test
[2023-04-1116:37:25] [ INFO ] [OdontologoServiceImpl:41] Creando odontologo...
[2023-04-1116:37:27] [ INFO ] [OdontologoServiceImpl:90] Listando todos los odontologos
[2023-04-1116:37:28] [ INFO ] [OdontologoServiceImpl:50] Buscando odontologo con id: 10
[2023-04-1116:37:30] [ INFO ] [OdontologoServiceImpl:75] Eliminando el odontologo con id: 10
[2023-04-1116:59:47] [ INFO ] [OdontologoServiceImpl:40] Creando paciente...
[2023-04-1116:59:49] [ INFO ] [OdontologoServiceImpl:89] Listando todos los pacientes
[2023-04-1116:59:51] [ INFO ] [OdontologoServiceImpl:74] Eliminando el paciente con id: 5
[2023-04-1116:59:52] [ INFO ] [OdontologoServiceImpl:74] Eliminando el paciente con id: 7
[2023-04-1116:59:52] [ INFO ] [OdontologoServiceImpl:74] Eliminando el paciente con id: 6
[2023-04-1116:59:52] [ INFO ] [OdontologoServiceImpl:74] Eliminando el paciente con id: 8
[2023-04-1300:31:34] [ INFO ] [OdontologoServiceImpl:41] Creando odontologo...
[2023-04-1300:31:36] [ INFO ] [OdontologoServiceImpl:90] Listando todos los odontologos
[2023-04-1300:55:21] [ INFO ] [OdontologoServiceImpl:41] Creando odontologo...
[2023-04-1300:55:23] [ INFO ] [OdontologoServiceImpl:90] Listando todos los odontologos
[2023-04-1300:55:24] [ INFO ] [OdontologoServiceImpl:50] Buscando odontologo con id: 1
[2023-04-1300:55:29] [ INFO ] [OdontologoServiceImpl:64] Modificando odontologo...
[2023-04-1300:55:29] [ INFO ] [OdontologoServiceImpl:90] Listando todos los odontologos
